#! /opt/homebrew/Cellar/icarus-verilog/12.0/bin/vvp
:ivl_version "12.0 (stable)";
:ivl_delay_selection "TYPICAL";
:vpi_time_precision - 12;
:vpi_module "/opt/homebrew/Cellar/icarus-verilog/12.0/lib/ivl/system.vpi";
:vpi_module "/opt/homebrew/Cellar/icarus-verilog/12.0/lib/ivl/vhdl_sys.vpi";
:vpi_module "/opt/homebrew/Cellar/icarus-verilog/12.0/lib/ivl/vhdl_textio.vpi";
:vpi_module "/opt/homebrew/Cellar/icarus-verilog/12.0/lib/ivl/v2005_math.vpi";
:vpi_module "/opt/homebrew/Cellar/icarus-verilog/12.0/lib/ivl/va_math.vpi";
S_0x1521042c0 .scope module, "timer_tb" "timer_tb" 2 3;
 .timescale -12 -12;
v0x1521165a0_0 .var "ask", 0 0;
v0x152116660_0 .var "clk", 0 0;
v0x152116770_0 .net "counting", 0 0, v0x152115f10_0;  1 drivers
v0x152116800_0 .var "data", 0 0;
v0x152116890_0 .net "done", 0 0, v0x1521160c0_0;  1 drivers
v0x152116960_0 .var "rst", 0 0;
S_0x152104430 .scope module, "tim" "timer" 2 17, 3 1 0, S_0x1521042c0;
 .timescale -12 -12;
    .port_info 0 /INPUT 1 "clk";
    .port_info 1 /INPUT 1 "data";
    .port_info 2 /INPUT 1 "rst";
    .port_info 3 /INPUT 1 "ask";
    .port_info 4 /OUTPUT 1 "counting";
    .port_info 5 /OUTPUT 1 "done";
v0x152115850_0 .net *"_ivl_0", 31 0, L_0x1521169f0;  1 drivers
L_0x1280580a0 .functor BUFT 1, C4<0000000000000000000000000000>, C4<0>, C4<0>, C4<0>;
v0x152115910_0 .net *"_ivl_11", 27 0, L_0x1280580a0;  1 drivers
L_0x1280580e8 .functor BUFT 1, C4<00000000000000000000000000000010>, C4<0>, C4<0>, C4<0>;
v0x1521159b0_0 .net/2u *"_ivl_12", 31 0, L_0x1280580e8;  1 drivers
L_0x128058010 .functor BUFT 1, C4<0000000000000000000000000000>, C4<0>, C4<0>, C4<0>;
v0x152115a60_0 .net *"_ivl_3", 27 0, L_0x128058010;  1 drivers
L_0x128058058 .functor BUFT 1, C4<00000000000000000000000000000001>, C4<0>, C4<0>, C4<0>;
v0x152115b10_0 .net/2u *"_ivl_4", 31 0, L_0x128058058;  1 drivers
v0x152115c00_0 .net *"_ivl_8", 31 0, L_0x152116ce0;  1 drivers
v0x152115cb0_0 .net "ask", 0 0, v0x1521165a0_0;  1 drivers
v0x152115d50_0 .var "bits_read", 2 0;
v0x152115e00_0 .net "clk", 0 0, v0x152116660_0;  1 drivers
v0x152115f10_0 .var "counting", 0 0;
v0x152115fa0_0 .net "data", 0 0, v0x152116800_0;  1 drivers
v0x152116030_0 .net "delay", 3 0, v0x152114b40_0;  1 drivers
v0x1521160c0_0 .var "done", 0 0;
v0x152116150_0 .net "master_cnt", 0 0, L_0x152116e00;  1 drivers
v0x152116200_0 .net "rst", 0 0, v0x152116960_0;  1 drivers
v0x1521162d0_0 .net "shifting", 0 0, L_0x152116b80;  1 drivers
v0x152116360_0 .net "start_shifting", 0 0, v0x1521156c0_0;  1 drivers
v0x152116510_0 .var "state", 3 0;
L_0x1521169f0 .concat [ 4 28 0 0], v0x152116510_0, L_0x128058010;
L_0x152116b80 .cmp/eq 32, L_0x1521169f0, L_0x128058058;
L_0x152116ce0 .concat [ 4 28 0 0], v0x152116510_0, L_0x1280580a0;
L_0x152116e00 .cmp/eq 32, L_0x152116ce0, L_0x1280580e8;
S_0x152104680 .scope module, "master_cnt" "shift_counter" 3 33, 4 1 0, S_0x152104430;
 .timescale -12 -12;
    .port_info 0 /INPUT 1 "clk";
    .port_info 1 /INPUT 1 "shift_ena";
    .port_info 2 /INPUT 1 "count_ena";
    .port_info 3 /INPUT 1 "data";
    .port_info 4 /OUTPUT 4 "q";
v0x152104960_0 .net "clk", 0 0, v0x152116660_0;  alias, 1 drivers
v0x152114a10_0 .net "count_ena", 0 0, L_0x152116e00;  alias, 1 drivers
v0x152114ab0_0 .net "data", 0 0, v0x152116800_0;  alias, 1 drivers
v0x152114b40_0 .var "q", 3 0;
v0x152114bf0_0 .net "shift_ena", 0 0, L_0x152116b80;  alias, 1 drivers
E_0x152104900 .event posedge, v0x152104960_0;
S_0x152114d50 .scope module, "slave_cnt" "counter" 3 41, 5 1 0, S_0x152104430;
 .timescale -12 -12;
    .port_info 0 /INPUT 1 "clk";
    .port_info 1 /INPUT 1 "rst";
    .port_info 2 /OUTPUT 10 "q";
v0x152114f60_0 .net "clk", 0 0, v0x152116660_0;  alias, 1 drivers
v0x152115010_0 .var "q", 9 0;
v0x1521150a0_0 .net "rst", 0 0, v0x152116960_0;  alias, 1 drivers
S_0x152115190 .scope module, "trigger" "start_detector" 3 22, 6 1 0, S_0x152104430;
 .timescale -12 -12;
    .port_info 0 /INPUT 1 "clk";
    .port_info 1 /INPUT 1 "rst";
    .port_info 2 /INPUT 1 "data";
    .port_info 3 /OUTPUT 1 "start_shifting";
v0x1521153d0_0 .var "buffer", 3 0;
v0x152115480_0 .net "clk", 0 0, v0x152116660_0;  alias, 1 drivers
v0x152115560_0 .net "data", 0 0, v0x152116800_0;  alias, 1 drivers
v0x152115610_0 .net "rst", 0 0, v0x152116960_0;  alias, 1 drivers
v0x1521156c0_0 .var "start_shifting", 0 0;
v0x152115790_0 .var "state", 2 0;
    .scope S_0x152115190;
T_0 ;
    %pushi/vec4 0, 0, 1;
    %store/vec4 v0x1521156c0_0, 0, 1;
    %pushi/vec4 0, 0, 4;
    %store/vec4 v0x1521153d0_0, 0, 4;
    %pushi/vec4 0, 0, 3;
    %store/vec4 v0x152115790_0, 0, 3;
    %end;
    .thread T_0;
    .scope S_0x152115190;
T_1 ;
    %wait E_0x152104900;
    %load/vec4 v0x152115790_0;
    %pad/u 32;
    %cmpi/e 0, 0, 32;
    %jmp/0xz  T_1.0, 4;
    %load/vec4 v0x152115560_0;
    %pad/u 32;
    %cmpi/e 1, 0, 32;
    %jmp/0xz  T_1.2, 4;
    %pushi/vec4 1, 0, 3;
    %assign/vec4 v0x152115790_0, 0;
T_1.2 ;
T_1.0 ;
    %load/vec4 v0x152115790_0;
    %pad/u 32;
    %cmpi/e 1, 0, 32;
    %jmp/0xz  T_1.4, 4;
    %load/vec4 v0x152115560_0;
    %pad/u 32;
    %cmpi/e 1, 0, 32;
    %jmp/0xz  T_1.6, 4;
    %pushi/vec4 2, 0, 3;
    %assign/vec4 v0x152115790_0, 0;
    %jmp T_1.7;
T_1.6 ;
    %pushi/vec4 0, 0, 3;
    %assign/vec4 v0x152115790_0, 0;
T_1.7 ;
T_1.4 ;
    %load/vec4 v0x152115790_0;
    %pad/u 32;
    %cmpi/e 2, 0, 32;
    %jmp/0xz  T_1.8, 4;
    %load/vec4 v0x152115560_0;
    %pad/u 32;
    %cmpi/e 0, 0, 32;
    %jmp/0xz  T_1.10, 4;
    %pushi/vec4 3, 0, 3;
    %assign/vec4 v0x152115790_0, 0;
    %jmp T_1.11;
T_1.10 ;
    %pushi/vec4 0, 0, 3;
    %assign/vec4 v0x152115790_0, 0;
T_1.11 ;
T_1.8 ;
    %load/vec4 v0x152115790_0;
    %pad/u 32;
    %cmpi/e 3, 0, 32;
    %jmp/0xz  T_1.12, 4;
    %load/vec4 v0x152115560_0;
    %pad/u 32;
    %cmpi/e 1, 0, 32;
    %jmp/0xz  T_1.14, 4;
    %pushi/vec4 0, 0, 3;
    %assign/vec4 v0x152115790_0, 0;
    %pushi/vec4 1, 0, 1;
    %store/vec4 v0x1521156c0_0, 0, 1;
    %jmp T_1.15;
T_1.14 ;
    %pushi/vec4 0, 0, 3;
    %assign/vec4 v0x152115790_0, 0;
T_1.15 ;
T_1.12 ;
    %load/vec4 v0x152115610_0;
    %flag_set/vec4 8;
    %jmp/0xz  T_1.16, 8;
    %pushi/vec4 0, 0, 1;
    %assign/vec4 v0x1521156c0_0, 0;
    %pushi/vec4 0, 0, 3;
    %store/vec4 v0x152115790_0, 0, 3;
T_1.16 ;
    %jmp T_1;
    .thread T_1;
    .scope S_0x152104680;
T_2 ;
    %pushi/vec4 0, 0, 4;
    %store/vec4 v0x152114b40_0, 0, 4;
    %end;
    .thread T_2;
    .scope S_0x152104680;
T_3 ;
    %wait E_0x152104900;
    %load/vec4 v0x152114bf0_0;
    %flag_set/vec4 8;
    %jmp/0xz  T_3.0, 8;
    %load/vec4 v0x152114b40_0;
    %parti/s 3, 0, 2;
    %load/vec4 v0x152114ab0_0;
    %concat/vec4; draw_concat_vec4
    %store/vec4 v0x152114b40_0, 0, 4;
T_3.0 ;
    %load/vec4 v0x152114a10_0;
    %flag_set/vec4 8;
    %jmp/0xz  T_3.2, 8;
    %load/vec4 v0x152114b40_0;
    %subi 1, 0, 4;
    %assign/vec4 v0x152114b40_0, 0;
T_3.2 ;
    %jmp T_3;
    .thread T_3;
    .scope S_0x152114d50;
T_4 ;
    %wait E_0x152104900;
    %load/vec4 v0x1521150a0_0;
    %pad/u 32;
    %cmpi/e 1, 0, 32;
    %flag_mov 8, 4;
    %jmp/0 T_4.0, 8;
    %pushi/vec4 0, 0, 10;
    %jmp/1 T_4.1, 8;
T_4.0 ; End of true expr.
    %load/vec4 v0x152115010_0;
    %pad/u 32;
    %cmpi/e 999, 0, 32;
    %flag_mov 9, 4;
    %jmp/0 T_4.2, 9;
    %pushi/vec4 0, 0, 10;
    %jmp/1 T_4.3, 9;
T_4.2 ; End of true expr.
    %load/vec4 v0x152115010_0;
    %addi 1, 0, 10;
    %jmp/0 T_4.3, 9;
 ; End of false expr.
    %blend;
T_4.3;
    %jmp/0 T_4.1, 8;
 ; End of false expr.
    %blend;
T_4.1;
    %assign/vec4 v0x152115010_0, 0;
    %jmp T_4;
    .thread T_4;
    .scope S_0x152104430;
T_5 ;
    %pushi/vec4 0, 0, 1;
    %store/vec4 v0x152115f10_0, 0, 1;
    %pushi/vec4 0, 0, 1;
    %store/vec4 v0x1521160c0_0, 0, 1;
    %pushi/vec4 0, 0, 4;
    %store/vec4 v0x152116510_0, 0, 4;
    %pushi/vec4 0, 0, 3;
    %store/vec4 v0x152115d50_0, 0, 3;
    %end;
    .thread T_5;
    .scope S_0x152104430;
T_6 ;
    %wait E_0x152104900;
    %vpi_func 3 50 "$time" 64 {0 0 0};
    %addi 1, 0, 64;
    %pushi/vec4 2, 0, 64;
    %div;
    %vpi_call 3 50 "$display", "t=%-4d: state = %d, bits_read. = %d, delay = %d, slave_delay = %d, ask = %d", S<0,vec4,u64>, v0x152116510_0, v0x152115d50_0, v0x152116030_0, v0x152115010_0, v0x152115cb0_0 {1 0 0};
    %load/vec4 v0x152116510_0;
    %pad/u 32;
    %cmpi/e 0, 0, 32;
    %jmp/0xz  T_6.0, 4;
    %load/vec4 v0x152116360_0;
    %flag_set/vec4 8;
    %jmp/0xz  T_6.2, 8;
    %pushi/vec4 1, 0, 4;
    %assign/vec4 v0x152116510_0, 0;
    %pushi/vec4 0, 0, 3;
    %store/vec4 v0x152115d50_0, 0, 3;
    %pushi/vec4 0, 0, 1;
    %assign/vec4 v0x1521156c0_0, 0;
T_6.2 ;
T_6.0 ;
    %load/vec4 v0x152116510_0;
    %pad/u 32;
    %cmpi/e 1, 0, 32;
    %jmp/0xz  T_6.4, 4;
    %load/vec4 v0x152115d50_0;
    %addi 1, 0, 3;
    %assign/vec4 v0x152115d50_0, 0;
    %load/vec4 v0x152115d50_0;
    %pad/u 32;
    %cmpi/e 3, 0, 32;
    %jmp/0xz  T_6.6, 4;
    %pushi/vec4 3, 0, 4;
    %assign/vec4 v0x152116510_0, 0;
    %pushi/vec4 0, 0, 10;
    %assign/vec4 v0x152115010_0, 0;
    %pushi/vec4 1, 0, 1;
    %assign/vec4 v0x152115f10_0, 0;
T_6.6 ;
T_6.4 ;
    %load/vec4 v0x152116510_0;
    %pad/u 32;
    %cmpi/e 2, 0, 32;
    %jmp/0xz  T_6.8, 4;
    %load/vec4 v0x152116030_0;
    %pad/u 32;
    %cmpi/e 0, 0, 32;
    %jmp/0xz  T_6.10, 4;
    %pushi/vec4 4, 0, 4;
    %assign/vec4 v0x152116510_0, 0;
    %pushi/vec4 0, 0, 1;
    %assign/vec4 v0x152115f10_0, 0;
    %pushi/vec4 1, 0, 1;
    %assign/vec4 v0x1521160c0_0, 0;
    %jmp T_6.11;
T_6.10 ;
    %pushi/vec4 3, 0, 4;
    %assign/vec4 v0x152116510_0, 0;
    %pushi/vec4 0, 0, 10;
    %assign/vec4 v0x152115010_0, 0;
T_6.11 ;
T_6.8 ;
    %load/vec4 v0x152116510_0;
    %pad/u 32;
    %cmpi/e 3, 0, 32;
    %jmp/0xz  T_6.12, 4;
    %load/vec4 v0x152115010_0;
    %pad/u 32;
    %cmpi/e 999, 0, 32;
    %jmp/0xz  T_6.14, 4;
    %pushi/vec4 2, 0, 4;
    %assign/vec4 v0x152116510_0, 0;
    %pushi/vec4 0, 0, 10;
    %assign/vec4 v0x152115010_0, 0;
T_6.14 ;
T_6.12 ;
    %load/vec4 v0x152116510_0;
    %pad/u 32;
    %cmpi/e 4, 0, 32;
    %jmp/0xz  T_6.16, 4;
    %load/vec4 v0x152115cb0_0;
    %pad/u 32;
    %cmpi/e 1, 0, 32;
    %jmp/0xz  T_6.18, 4;
    %pushi/vec4 0, 0, 4;
    %assign/vec4 v0x152116510_0, 0;
    %pushi/vec4 0, 0, 1;
    %assign/vec4 v0x1521160c0_0, 0;
T_6.18 ;
T_6.16 ;
    %jmp T_6;
    .thread T_6;
    .scope S_0x1521042c0;
T_7 ;
    %pushi/vec4 0, 0, 1;
    %store/vec4 v0x152116660_0, 0, 1;
    %pushi/vec4 0, 0, 1;
    %store/vec4 v0x152116800_0, 0, 1;
    %pushi/vec4 0, 0, 1;
    %store/vec4 v0x152116960_0, 0, 1;
    %pushi/vec4 0, 0, 1;
    %store/vec4 v0x1521165a0_0, 0, 1;
    %end;
    .thread T_7;
    .scope S_0x1521042c0;
T_8 ;
    %delay 1, 0;
    %load/vec4 v0x152116660_0;
    %inv;
    %store/vec4 v0x152116660_0, 0, 1;
    %jmp T_8;
    .thread T_8;
    .scope S_0x1521042c0;
T_9 ;
    %vpi_call 2 27 "$dumpfile", "wave.vcd" {0 0 0};
    %vpi_call 2 28 "$dumpvars", 32'sb00000000000000000000000000000000, S_0x1521042c0 {0 0 0};
    %pushi/vec4 0, 0, 1;
    %store/vec4 v0x152116800_0, 0, 1;
    %delay 1, 0;
    %pushi/vec4 1, 0, 1;
    %store/vec4 v0x152116800_0, 0, 1;
    %delay 2, 0;
    %pushi/vec4 1, 0, 1;
    %store/vec4 v0x152116800_0, 0, 1;
    %delay 2, 0;
    %pushi/vec4 0, 0, 1;
    %store/vec4 v0x152116800_0, 0, 1;
    %delay 2, 0;
    %pushi/vec4 1, 0, 1;
    %store/vec4 v0x152116800_0, 0, 1;
    %delay 2, 0;
    %pushi/vec4 0, 0, 1;
    %store/vec4 v0x152116800_0, 0, 1;
    %delay 2, 0;
    %pushi/vec4 0, 0, 1;
    %store/vec4 v0x152116800_0, 0, 1;
    %delay 2, 0;
    %pushi/vec4 0, 0, 1;
    %store/vec4 v0x152116800_0, 0, 1;
    %delay 2, 0;
    %pushi/vec4 0, 0, 1;
    %store/vec4 v0x152116800_0, 0, 1;
    %delay 2400, 0;
    %pushi/vec4 1, 0, 1;
    %store/vec4 v0x1521165a0_0, 0, 1;
    %delay 2, 0;
    %pushi/vec4 0, 0, 1;
    %store/vec4 v0x1521165a0_0, 0, 1;
    %delay 100, 0;
    %vpi_call 2 45 "$finish" {0 0 0};
    %end;
    .thread T_9;
    .scope S_0x1521042c0;
T_10 ;
    %wait E_0x152104900;
    %jmp T_10;
    .thread T_10;
# The file index is used to find the file name in the following table.
:file_names 7;
    "N/A";
    "<interactive>";
    "timer_tb.v";
    "./timer.v";
    "./shift_counter.v";
    "./counter.v";
    "./start_detector.v";
