Reading netlist file: "/Users/alexivanov/Desktop/UNI/FPGA/Lab 5/Lab5/impl/gwsynthesis/Lab5.vg"
Parsing netlist file "/Users/alexivanov/Desktop/UNI/FPGA/Lab 5/Lab5/impl/gwsynthesis/Lab5.vg" completed
Processing netlist completed
Reading constraint file: "/Users/alexivanov/Desktop/UNI/FPGA/Lab 5/Lab5/src/Lab5.cst"
Physical Constraint parsed completed
Running placement......
[10%] Placement Phase 0 completed
[20%] Placement Phase 1 completed
[30%] Placement Phase 2 completed
WARN  (TA1132) :  'clk' was determined to be a clock but was not created.
WARN  (TA1132) :  'spi_clk' was determined to be a clock but was not created.
[50%] Placement Phase 3 completed
Running routing......
[60%] Routing Phase 0 completed
[70%] Routing Phase 1 completed
[80%] Routing Phase 2 completed
[90%] Routing Phase 3 completed
Running timing analysis......
[95%] Timing analysis completed
Placement and routing completed
Bitstream generation in progress......
Bitstream generation completed
Running power analysis......
[100%] Power analysis completed
Generate file "/Users/alexivanov/Desktop/UNI/FPGA/Lab 5/Lab5/impl/pnr/Lab5.power.html" completed
Generate file "/Users/alexivanov/Desktop/UNI/FPGA/Lab 5/Lab5/impl/pnr/Lab5.pin.html" completed
Generate file "/Users/alexivanov/Desktop/UNI/FPGA/Lab 5/Lab5/impl/pnr/Lab5.rpt.html" completed
Generate file "/Users/alexivanov/Desktop/UNI/FPGA/Lab 5/Lab5/impl/pnr/Lab5.rpt.txt" completed
Generate file "/Users/alexivanov/Desktop/UNI/FPGA/Lab 5/Lab5/impl/pnr/Lab5.tr.html" completed
Thu Dec 26 16:12:01 2024

